[I 16:27:08.114 NotebookApp] [nb_conda_kernels] enabled, 12 kernels found
[I 16:27:08.775 NotebookApp] Authentication of /metrics is OFF, since other authentication is disabled.
[W 16:27:17.525 NotebookApp] All authentication is disabled.  Anyone who can connect to this server will be able to run code.
[I 16:27:17.526 NotebookApp] The port 9000 is already in use, trying another port.
[W 2023-02-21 16:27:25.750 LabApp] Config option `kernel_spec_manager_class` not recognized by `LabApp`.
[W 2023-02-21 16:27:25.760 LabApp] 'ip' has moved from NotebookApp to ServerApp. This config will be passed to ServerApp. Be sure to update your config before our next release.
[W 2023-02-21 16:27:25.760 LabApp] 'port' has moved from NotebookApp to ServerApp. This config will be passed to ServerApp. Be sure to update your config before our next release.
[W 2023-02-21 16:27:25.760 LabApp] 'token' has moved from NotebookApp to ServerApp. This config will be passed to ServerApp. Be sure to update your config before our next release.
[W 2023-02-21 16:27:25.760 LabApp] 'password' has moved from NotebookApp to ServerApp. This config will be passed to ServerApp. Be sure to update your config before our next release.
[W 2023-02-21 16:27:25.760 LabApp] 'password' has moved from NotebookApp to ServerApp. This config will be passed to ServerApp. Be sure to update your config before our next release.
[W 2023-02-21 16:27:25.760 LabApp] 'password' has moved from NotebookApp to ServerApp. This config will be passed to ServerApp. Be sure to update your config before our next release.
[W 2023-02-21 16:27:25.761 LabApp] Config option `kernel_spec_manager_class` not recognized by `LabApp`.
[W 2023-02-21 16:27:25.768 LabApp] Config option `kernel_spec_manager_class` not recognized by `LabApp`.
[I 2023-02-21 16:27:25.770 LabApp] JupyterLab extension loaded from /om/user/leokoz8/envs/add_RL/lib/python3.8/site-packages/jupyterlab
[I 2023-02-21 16:27:25.770 LabApp] JupyterLab application directory is /om/user/leokoz8/envs/add_RL/share/jupyter/lab
[I 16:27:25.783 NotebookApp] Serving notebooks from local directory: /rdma/vast-rdma/vast/fiete/leokoz8/code/add_RL
[I 16:27:25.783 NotebookApp] Jupyter Notebook 6.3.0 is running at:
[I 16:27:25.783 NotebookApp] http://node090:9001/
[I 16:27:25.783 NotebookApp] Use Control-C to stop this server and shut down all kernels (twice to skip confirmation).
slurmstepd: error: *** JOB 29471872 ON node090 CANCELLED AT 2023-02-21T16:32:41 ***
