[I 18:10:21.879 NotebookApp] [nb_conda_kernels] enabled, 12 kernels found
[I 18:10:22.358 NotebookApp] Authentication of /metrics is OFF, since other authentication is disabled.
[W 18:10:28.614 NotebookApp] All authentication is disabled.  Anyone who can connect to this server will be able to run code.
[I 18:10:28.616 NotebookApp] The port 9000 is already in use, trying another port.
[W 2023-02-22 18:10:35.053 LabApp] Config option `kernel_spec_manager_class` not recognized by `LabApp`.
[W 2023-02-22 18:10:35.058 LabApp] 'ip' has moved from NotebookApp to ServerApp. This config will be passed to ServerApp. Be sure to update your config before our next release.
[W 2023-02-22 18:10:35.058 LabApp] 'port' has moved from NotebookApp to ServerApp. This config will be passed to ServerApp. Be sure to update your config before our next release.
[W 2023-02-22 18:10:35.058 LabApp] 'token' has moved from NotebookApp to ServerApp. This config will be passed to ServerApp. Be sure to update your config before our next release.
[W 2023-02-22 18:10:35.058 LabApp] 'password' has moved from NotebookApp to ServerApp. This config will be passed to ServerApp. Be sure to update your config before our next release.
[W 2023-02-22 18:10:35.058 LabApp] 'password' has moved from NotebookApp to ServerApp. This config will be passed to ServerApp. Be sure to update your config before our next release.
[W 2023-02-22 18:10:35.058 LabApp] 'password' has moved from NotebookApp to ServerApp. This config will be passed to ServerApp. Be sure to update your config before our next release.
[W 2023-02-22 18:10:35.059 LabApp] Config option `kernel_spec_manager_class` not recognized by `LabApp`.
[W 2023-02-22 18:10:35.068 LabApp] Config option `kernel_spec_manager_class` not recognized by `LabApp`.
[I 2023-02-22 18:10:35.070 LabApp] JupyterLab extension loaded from /om/user/leokoz8/envs/add_RL/lib/python3.8/site-packages/jupyterlab
[I 2023-02-22 18:10:35.070 LabApp] JupyterLab application directory is /om/user/leokoz8/envs/add_RL/share/jupyter/lab
[I 18:10:35.076 NotebookApp] Serving notebooks from local directory: /rdma/vast-rdma/vast/fiete/leokoz8/code/add_RL
[I 18:10:35.076 NotebookApp] Jupyter Notebook 6.3.0 is running at:
[I 18:10:35.076 NotebookApp] http://node041:9001/
[I 18:10:35.076 NotebookApp] Use Control-C to stop this server and shut down all kernels (twice to skip confirmation).
[I 18:13:26.418 NotebookApp] 302 GET / (172.16.24.254) 1.000000ms
/om/user/leokoz8/envs/add_RL/lib/python3.8/json/encoder.py:257: UserWarning: date_default is deprecated since jupyter_client 7.0.0. Use jupyter_client.jsonutil.json_default.
  return _iterencode(o, 0)
[W 18:14:05.687 NotebookApp] Notebook notebooks/test_nb.ipynb is not trusted
Exception in callback <TaskStepMethWrapper object at 0x2b1acac68d90>()
handle: <Handle <TaskStepMethWrapper object at 0x2b1acac68d90>()>
Traceback (most recent call last):
  File "/om/user/leokoz8/envs/add_RL/lib/python3.8/asyncio/events.py", line 81, in _run
    self._context.run(self._callback, *self._args)
RuntimeError: Cannot enter into task <Task pending name='Task-1' coro=<HTTP1ServerConnection._server_request_loop() running at /om/user/leokoz8/envs/add_RL/lib/python3.8/site-packages/tornado/http1connection.py:842> cb=[IOLoop.add_future.<locals>.<lambda>() at /om/user/leokoz8/envs/add_RL/lib/python3.8/site-packages/tornado/ioloop.py:687]> while another task <Task pending name='Task-36' coro=<MappingKernelManager.start_kernel() running at /om/user/leokoz8/envs/add_RL/lib/python3.8/site-packages/notebook/services/kernels/kernelmanager.py:176> cb=[IOLoop.add_future.<locals>.<lambda>() at /om/user/leokoz8/envs/add_RL/lib/python3.8/site-packages/tornado/ioloop.py:687]> is being executed.
[I 18:14:09.416 NotebookApp] Kernel started: 582f2567-2bd0-4284-89e1-2db9234631c7, name: conda-env-leokoz8-add_RL-py
/om/user/leokoz8/envs/add_RL/lib/python3.8/json/encoder.py:257: UserWarning: date_default is deprecated since jupyter_client 7.0.0. Use jupyter_client.jsonutil.json_default.
  return _iterencode(o, 0)
[I 18:16:12.620 NotebookApp] Saving file at /notebooks/test_nb.ipynb
[W 18:16:12.622 NotebookApp] Notebook notebooks/test_nb.ipynb is not trusted
[I 18:18:19.719 NotebookApp] Saving file at /notebooks/test_nb.ipynb
[W 18:18:19.720 NotebookApp] Notebook notebooks/test_nb.ipynb is not trusted
[I 18:18:23.860 NotebookApp] Saving file at /notebooks/test_nb.ipynb
[W 18:18:23.861 NotebookApp] Notebook notebooks/test_nb.ipynb is not trusted
[I 18:20:40.424 NotebookApp] Saving file at /notebooks/test_nb.ipynb
[W 18:20:40.425 NotebookApp] Notebook notebooks/test_nb.ipynb is not trusted
[I 18:22:48.459 NotebookApp] Saving file at /notebooks/test_nb.ipynb
[W 18:22:48.460 NotebookApp] Notebook notebooks/test_nb.ipynb is not trusted
[I 18:24:58.005 NotebookApp] Saving file at /notebooks/test_nb.ipynb
[W 18:24:58.007 NotebookApp] Notebook notebooks/test_nb.ipynb is not trusted
[I 18:27:07.660 NotebookApp] Saving file at /notebooks/test_nb.ipynb
[W 18:27:07.661 NotebookApp] Notebook notebooks/test_nb.ipynb is not trusted
[I 18:29:19.544 NotebookApp] Saving file at /notebooks/test_nb.ipynb
[W 18:29:19.546 NotebookApp] Notebook notebooks/test_nb.ipynb is not trusted
[I 18:31:27.366 NotebookApp] Saving file at /notebooks/test_nb.ipynb
[W 18:31:27.367 NotebookApp] Notebook notebooks/test_nb.ipynb is not trusted
[I 18:33:37.064 NotebookApp] Saving file at /notebooks/test_nb.ipynb
[W 18:33:37.065 NotebookApp] Notebook notebooks/test_nb.ipynb is not trusted
[I 18:35:47.678 NotebookApp] Saving file at /notebooks/test_nb.ipynb
[W 18:35:47.679 NotebookApp] Notebook notebooks/test_nb.ipynb is not trusted
[I 18:37:57.211 NotebookApp] Saving file at /notebooks/test_nb.ipynb
[W 18:37:57.212 NotebookApp] Notebook notebooks/test_nb.ipynb is not trusted
[I 18:40:07.131 NotebookApp] Saving file at /notebooks/test_nb.ipynb
[W 18:40:07.132 NotebookApp] Notebook notebooks/test_nb.ipynb is not trusted
[I 18:42:17.190 NotebookApp] Saving file at /notebooks/test_nb.ipynb
[W 18:42:17.194 NotebookApp] Notebook notebooks/test_nb.ipynb is not trusted
[I 18:44:26.854 NotebookApp] Saving file at /notebooks/test_nb.ipynb
[W 18:44:26.855 NotebookApp] Notebook notebooks/test_nb.ipynb is not trusted
[I 18:46:39.815 NotebookApp] Saving file at /notebooks/test_nb.ipynb
[W 18:46:39.816 NotebookApp] Notebook notebooks/test_nb.ipynb is not trusted
[I 18:48:48.513 NotebookApp] Saving file at /notebooks/test_nb.ipynb
[W 18:48:48.514 NotebookApp] Notebook notebooks/test_nb.ipynb is not trusted
[I 18:50:58.374 NotebookApp] Saving file at /notebooks/test_nb.ipynb
[W 18:50:58.376 NotebookApp] Notebook notebooks/test_nb.ipynb is not trusted
[I 18:53:08.214 NotebookApp] Saving file at /notebooks/test_nb.ipynb
[W 18:53:08.215 NotebookApp] Notebook notebooks/test_nb.ipynb is not trusted
[I 18:55:16.909 NotebookApp] Saving file at /notebooks/test_nb.ipynb
[W 18:55:16.910 NotebookApp] Notebook notebooks/test_nb.ipynb is not trusted
[I 18:57:28.572 NotebookApp] Saving file at /notebooks/test_nb.ipynb
[W 18:57:28.573 NotebookApp] Notebook notebooks/test_nb.ipynb is not trusted
[I 18:59:36.810 NotebookApp] Saving file at /notebooks/test_nb.ipynb
[W 18:59:36.811 NotebookApp] Notebook notebooks/test_nb.ipynb is not trusted
[I 19:01:46.750 NotebookApp] Saving file at /notebooks/test_nb.ipynb
[W 19:01:46.751 NotebookApp] Notebook notebooks/test_nb.ipynb is not trusted
[I 19:03:57.830 NotebookApp] Saving file at /notebooks/test_nb.ipynb
[W 19:03:57.831 NotebookApp] Notebook notebooks/test_nb.ipynb is not trusted
[I 19:06:06.770 NotebookApp] Saving file at /notebooks/test_nb.ipynb
[W 19:06:06.771 NotebookApp] Notebook notebooks/test_nb.ipynb is not trusted
[I 19:08:22.208 NotebookApp] Saving file at /notebooks/test_nb.ipynb
[W 19:08:22.209 NotebookApp] Notebook notebooks/test_nb.ipynb is not trusted
[I 19:10:28.465 NotebookApp] Saving file at /notebooks/test_nb.ipynb
[W 19:10:28.466 NotebookApp] Notebook notebooks/test_nb.ipynb is not trusted
[I 19:12:37.593 NotebookApp] Saving file at /notebooks/test_nb.ipynb
[W 19:12:37.595 NotebookApp] Notebook notebooks/test_nb.ipynb is not trusted
[I 19:14:48.309 NotebookApp] Saving file at /notebooks/test_nb.ipynb
[W 19:14:48.310 NotebookApp] Notebook notebooks/test_nb.ipynb is not trusted
[I 19:16:58.239 NotebookApp] Saving file at /notebooks/test_nb.ipynb
[W 19:16:58.240 NotebookApp] Notebook notebooks/test_nb.ipynb is not trusted
[W 19:19:44.444 NotebookApp] WebSocket ping timeout after 119327 ms.
[I 19:19:49.487 NotebookApp] Starting buffering for 582f2567-2bd0-4284-89e1-2db9234631c7:71369893164947f488b28a269a99dc3e
[I 19:23:04.860 NotebookApp] 302 GET / (172.16.24.254) 30.820000ms
[W 19:23:22.924 NotebookApp] Notebook notebooks/test_nb.ipynb is not trusted
[W 19:27:36.892 NotebookApp] WebSocket ping timeout after 118601 ms.
[I 19:27:41.897 NotebookApp] Starting buffering for 582f2567-2bd0-4284-89e1-2db9234631c7:da79147d9e9a45f5851451e334f1e978
[I 19:36:19.478 NotebookApp] 302 GET / (172.16.24.254) 0.840000ms
[W 19:36:35.136 NotebookApp] Notebook notebooks/test_nb.ipynb is not trusted
[I 19:38:41.820 NotebookApp] Saving file at /notebooks/test_nb.ipynb
[W 19:38:41.821 NotebookApp] Notebook notebooks/test_nb.ipynb is not trusted
[I 19:40:49.859 NotebookApp] Saving file at /notebooks/test_nb.ipynb
[W 19:40:49.860 NotebookApp] Notebook notebooks/test_nb.ipynb is not trusted
[I 19:42:42.567 NotebookApp] Saving file at /notebooks/test_nb.ipynb
[W 19:42:42.568 NotebookApp] Notebook notebooks/test_nb.ipynb is not trusted
[I 19:44:39.070 NotebookApp] Saving file at /notebooks/test_nb.ipynb
[W 19:44:39.072 NotebookApp] Notebook notebooks/test_nb.ipynb is not trusted
[I 19:44:41.289 NotebookApp] Saving file at /notebooks/test_nb.ipynb
[W 19:44:41.289 NotebookApp] Notebook notebooks/test_nb.ipynb is not trusted
[I 19:44:42.690 NotebookApp] Saving file at /notebooks/test_nb.ipynb
[W 19:44:42.691 NotebookApp] Notebook notebooks/test_nb.ipynb is not trusted
[I 19:44:42.718 NotebookApp] Starting buffering for 582f2567-2bd0-4284-89e1-2db9234631c7:2a172329139043e189fd3f10b714662c
slurmstepd: error: *** JOB 29491030 ON node041 CANCELLED AT 2023-02-23T06:10:23 DUE TO TIME LIMIT ***
