[I 12:56:30.302 NotebookApp] [nb_conda_kernels] enabled, 12 kernels found
[I 12:56:30.661 NotebookApp] Authentication of /metrics is OFF, since other authentication is disabled.
[W 12:56:33.121 NotebookApp] All authentication is disabled.  Anyone who can connect to this server will be able to run code.
[W 2023-03-15 12:56:37.116 LabApp] Config option `kernel_spec_manager_class` not recognized by `LabApp`.
[W 2023-03-15 12:56:37.121 LabApp] 'ip' has moved from NotebookApp to ServerApp. This config will be passed to ServerApp. Be sure to update your config before our next release.
[W 2023-03-15 12:56:37.121 LabApp] 'port' has moved from NotebookApp to ServerApp. This config will be passed to ServerApp. Be sure to update your config before our next release.
[W 2023-03-15 12:56:37.121 LabApp] 'token' has moved from NotebookApp to ServerApp. This config will be passed to ServerApp. Be sure to update your config before our next release.
[W 2023-03-15 12:56:37.121 LabApp] 'password' has moved from NotebookApp to ServerApp. This config will be passed to ServerApp. Be sure to update your config before our next release.
[W 2023-03-15 12:56:37.121 LabApp] 'password' has moved from NotebookApp to ServerApp. This config will be passed to ServerApp. Be sure to update your config before our next release.
[W 2023-03-15 12:56:37.121 LabApp] 'password' has moved from NotebookApp to ServerApp. This config will be passed to ServerApp. Be sure to update your config before our next release.
[W 2023-03-15 12:56:37.122 LabApp] Config option `kernel_spec_manager_class` not recognized by `LabApp`.
[W 2023-03-15 12:56:37.130 LabApp] Config option `kernel_spec_manager_class` not recognized by `LabApp`.
[I 2023-03-15 12:56:37.131 LabApp] JupyterLab extension loaded from /om/user/leokoz8/envs/add_RL/lib/python3.8/site-packages/jupyterlab
[I 2023-03-15 12:56:37.131 LabApp] JupyterLab application directory is /om/user/leokoz8/envs/add_RL/share/jupyter/lab
[I 12:56:37.136 NotebookApp] Serving notebooks from local directory: /rdma/vast-rdma/vast/fiete/leokoz8/code/add_RL
[I 12:56:37.136 NotebookApp] Jupyter Notebook 6.3.0 is running at:
[I 12:56:37.136 NotebookApp] http://node097:9000/
[I 12:56:37.136 NotebookApp] Use Control-C to stop this server and shut down all kernels (twice to skip confirmation).
[I 13:05:25.890 NotebookApp] 302 GET / (172.16.24.254) 1.030000ms
/om/user/leokoz8/envs/add_RL/lib/python3.8/json/encoder.py:257: UserWarning: date_default is deprecated since jupyter_client 7.0.0. Use jupyter_client.jsonutil.json_default.
  return _iterencode(o, 0)
[W 13:05:40.245 NotebookApp] Notebook notebooks/test_nb.ipynb is not trusted
Exception in callback <TaskWakeupMethWrapper object at 0x2af69314ffa0>(<Future finished result=None>)
handle: <Handle <TaskWakeupMethWrapper object at 0x2af69314ffa0>(<Future finished result=None>)>
Traceback (most recent call last):
  File "/om/user/leokoz8/envs/add_RL/lib/python3.8/asyncio/events.py", line 81, in _run
    self._context.run(self._callback, *self._args)
RuntimeError: Cannot enter into task <Task pending name='Task-7' coro=<HTTP1ServerConnection._server_request_loop() running at /om/user/leokoz8/envs/add_RL/lib/python3.8/site-packages/tornado/http1connection.py:825> wait_for=<Future finished result=None> cb=[IOLoop.add_future.<locals>.<lambda>() at /om/user/leokoz8/envs/add_RL/lib/python3.8/site-packages/tornado/ioloop.py:687]> while another task <Task pending name='Task-54' coro=<MappingKernelManager.start_kernel() running at /om/user/leokoz8/envs/add_RL/lib/python3.8/site-packages/notebook/services/kernels/kernelmanager.py:176> cb=[IOLoop.add_future.<locals>.<lambda>() at /om/user/leokoz8/envs/add_RL/lib/python3.8/site-packages/tornado/ioloop.py:687]> is being executed.
Exception in callback <TaskWakeupMethWrapper object at 0x2af69314fac0>(<Future finis...late\r\n\r\n'>)
handle: <Handle <TaskWakeupMethWrapper object at 0x2af69314fac0>(<Future finis...late\r\n\r\n'>)>
Traceback (most recent call last):
  File "/om/user/leokoz8/envs/add_RL/lib/python3.8/asyncio/events.py", line 81, in _run
    self._context.run(self._callback, *self._args)
RuntimeError: Cannot enter into task <Task pending name='Task-8' coro=<HTTP1ServerConnection._server_request_loop() running at /om/user/leokoz8/envs/add_RL/lib/python3.8/site-packages/tornado/http1connection.py:825> wait_for=<Future finished result=b'GET /static...flate\r\n\r\n'> cb=[IOLoop.add_future.<locals>.<lambda>() at /om/user/leokoz8/envs/add_RL/lib/python3.8/site-packages/tornado/ioloop.py:687]> while another task <Task pending name='Task-1' coro=<MultiKernelManager._async_start_kernel() running at /om/user/leokoz8/envs/add_RL/lib/python3.8/site-packages/jupyter_client/multikernelmanager.py:207>> is being executed.
[I 13:05:40.681 NotebookApp] Kernel started: 687847cd-bf2d-4bdf-93c4-99f6a8c28cd6, name: conda-env-leokoz8-add_RL-py
/om/user/leokoz8/envs/add_RL/lib/python3.8/json/encoder.py:257: UserWarning: date_default is deprecated since jupyter_client 7.0.0. Use jupyter_client.jsonutil.json_default.
  return _iterencode(o, 0)
[I 13:05:53.387 NotebookApp] Starting buffering for 687847cd-bf2d-4bdf-93c4-99f6a8c28cd6:59dfb41d081c4eceba9f475fb3347552
[I 13:06:00.343 NotebookApp] Copying notebooks/test_nb.ipynb to /notebooks
[W 13:06:00.354 NotebookApp] Notebook notebooks/test_nb.ipynb is not trusted
[W 13:06:00.357 NotebookApp] Notebook notebooks/test_nb-Copy1.ipynb is not trusted
[W 13:06:13.203 NotebookApp] Notebook notebooks/fan_task_test.ipynb is not trusted
Exception in callback <TaskWakeupMethWrapper object at 0x2af6937fc040>(<Future finis...late\r\n\r\n'>)
handle: <Handle <TaskWakeupMethWrapper object at 0x2af6937fc040>(<Future finis...late\r\n\r\n'>)>
Traceback (most recent call last):
  File "/om/user/leokoz8/envs/add_RL/lib/python3.8/asyncio/events.py", line 81, in _run
    self._context.run(self._callback, *self._args)
RuntimeError: Cannot enter into task <Task pending name='Task-5' coro=<HTTP1ServerConnection._server_request_loop() running at /om/user/leokoz8/envs/add_RL/lib/python3.8/site-packages/tornado/http1connection.py:825> wait_for=<Future finished result=b'GET /api/co...flate\r\n\r\n'> cb=[IOLoop.add_future.<locals>.<lambda>() at /om/user/leokoz8/envs/add_RL/lib/python3.8/site-packages/tornado/ioloop.py:687]> while another task <Task pending name='Task-67' coro=<KernelManager._async_start_kernel() running at /om/user/leokoz8/envs/add_RL/lib/python3.8/site-packages/jupyter_client/manager.py:71>> is being executed.
[I 13:06:13.522 NotebookApp] Kernel started: f3011b3d-9da4-492a-a19b-b281a206d355, name: conda-env-leokoz8-add_RL-py
[I 13:06:14.533 NotebookApp] Kernel shutdown: 687847cd-bf2d-4bdf-93c4-99f6a8c28cd6
[I 13:08:13.544 NotebookApp] Saving file at /notebooks/fan_task_test.ipynb
[W 13:08:13.544 NotebookApp] Notebook notebooks/fan_task_test.ipynb is not trusted
[I 13:10:13.529 NotebookApp] Saving file at /notebooks/fan_task_test.ipynb
[W 13:10:13.530 NotebookApp] Notebook notebooks/fan_task_test.ipynb is not trusted
[I 13:12:13.529 NotebookApp] Saving file at /notebooks/fan_task_test.ipynb
[W 13:12:13.531 NotebookApp] Notebook notebooks/fan_task_test.ipynb is not trusted
[I 13:14:13.527 NotebookApp] Saving file at /notebooks/fan_task_test.ipynb
[W 13:14:13.529 NotebookApp] Notebook notebooks/fan_task_test.ipynb is not trusted
[I 13:16:14.460 NotebookApp] Saving file at /notebooks/fan_task_test.ipynb
[W 13:16:14.461 NotebookApp] Notebook notebooks/fan_task_test.ipynb is not trusted
[I 13:18:13.529 NotebookApp] Saving file at /notebooks/fan_task_test.ipynb
[W 13:18:13.532 NotebookApp] Notebook notebooks/fan_task_test.ipynb is not trusted
[I 13:20:13.545 NotebookApp] Saving file at /notebooks/fan_task_test.ipynb
[W 13:20:13.546 NotebookApp] Notebook notebooks/fan_task_test.ipynb is not trusted
[I 13:22:13.531 NotebookApp] Saving file at /notebooks/fan_task_test.ipynb
[W 13:22:13.533 NotebookApp] Notebook notebooks/fan_task_test.ipynb is not trusted
[I 13:23:26.698 NotebookApp] Starting buffering for f3011b3d-9da4-492a-a19b-b281a206d355:8bb37821e0c44d318d616b847cbf2094
[I 13:23:27.847 NotebookApp] Kernel restarted: f3011b3d-9da4-492a-a19b-b281a206d355
[I 13:23:27.891 NotebookApp] Restoring connection for f3011b3d-9da4-492a-a19b-b281a206d355:8bb37821e0c44d318d616b847cbf2094
[I 13:23:29.302 NotebookApp] Replaying 3 buffered messages
[I 13:24:13.555 NotebookApp] Saving file at /notebooks/fan_task_test.ipynb
[W 13:24:13.560 NotebookApp] Notebook notebooks/fan_task_test.ipynb is not trusted
[I 13:26:14.474 NotebookApp] Saving file at /notebooks/fan_task_test.ipynb
[W 13:26:14.481 NotebookApp] Notebook notebooks/fan_task_test.ipynb is not trusted
[I 13:30:13.538 NotebookApp] Saving file at /notebooks/fan_task_test.ipynb
[W 13:30:13.539 NotebookApp] Notebook notebooks/fan_task_test.ipynb is not trusted
[I 13:32:13.539 NotebookApp] Saving file at /notebooks/fan_task_test.ipynb
[I 13:34:13.530 NotebookApp] Saving file at /notebooks/fan_task_test.ipynb
[I 13:36:13.580 NotebookApp] Saving file at /notebooks/fan_task_test.ipynb
[I 13:38:13.544 NotebookApp] Saving file at /notebooks/fan_task_test.ipynb
[I 13:40:14.441 NotebookApp] Saving file at /notebooks/fan_task_test.ipynb
[I 13:42:13.532 NotebookApp] Saving file at /notebooks/fan_task_test.ipynb
[I 13:44:13.551 NotebookApp] Saving file at /notebooks/fan_task_test.ipynb
[I 15:18:13.815 NotebookApp] Saving file at /notebooks/fan_task_test.ipynb
[I 15:20:14.466 NotebookApp] Saving file at /notebooks/fan_task_test.ipynb
[I 15:22:13.560 NotebookApp] Saving file at /notebooks/fan_task_test.ipynb
[I 15:24:13.565 NotebookApp] Saving file at /notebooks/fan_task_test.ipynb
[I 15:26:13.573 NotebookApp] Saving file at /notebooks/fan_task_test.ipynb
[I 15:28:13.563 NotebookApp] Saving file at /notebooks/fan_task_test.ipynb
[I 15:30:14.582 NotebookApp] Saving file at /notebooks/fan_task_test.ipynb
[I 15:32:13.557 NotebookApp] Saving file at /notebooks/fan_task_test.ipynb
[I 15:34:13.579 NotebookApp] Saving file at /notebooks/fan_task_test.ipynb
[I 15:36:13.567 NotebookApp] Saving file at /notebooks/fan_task_test.ipynb
[I 15:38:13.556 NotebookApp] Saving file at /notebooks/fan_task_test.ipynb
[I 15:40:13.590 NotebookApp] Saving file at /notebooks/fan_task_test.ipynb
[I 15:42:13.566 NotebookApp] Saving file at /notebooks/fan_task_test.ipynb
[I 15:44:13.576 NotebookApp] Saving file at /notebooks/fan_task_test.ipynb
[I 15:46:13.564 NotebookApp] Saving file at /notebooks/fan_task_test.ipynb
[I 15:48:13.564 NotebookApp] Saving file at /notebooks/fan_task_test.ipynb
[I 15:50:14.483 NotebookApp] Saving file at /notebooks/fan_task_test.ipynb
[I 15:52:13.577 NotebookApp] Saving file at /notebooks/fan_task_test.ipynb
[I 15:54:13.569 NotebookApp] Saving file at /notebooks/fan_task_test.ipynb
[I 15:56:13.570 NotebookApp] Saving file at /notebooks/fan_task_test.ipynb
[I 15:58:13.557 NotebookApp] Saving file at /notebooks/fan_task_test.ipynb
[I 16:00:13.564 NotebookApp] Saving file at /notebooks/fan_task_test.ipynb
[I 16:02:13.573 NotebookApp] Saving file at /notebooks/fan_task_test.ipynb
[I 16:06:14.467 NotebookApp] Saving file at /notebooks/fan_task_test.ipynb
[I 16:08:13.563 NotebookApp] Saving file at /notebooks/fan_task_test.ipynb
[I 16:10:14.471 NotebookApp] Saving file at /notebooks/fan_task_test.ipynb
[I 16:12:13.574 NotebookApp] Saving file at /notebooks/fan_task_test.ipynb
[I 16:16:13.565 NotebookApp] Saving file at /notebooks/fan_task_test.ipynb
[I 16:18:14.485 NotebookApp] Saving file at /notebooks/fan_task_test.ipynb
[I 16:32:14.916 NotebookApp] Saving file at /notebooks/fan_task_test.ipynb
[I 16:33:25.964 NotebookApp] Saving file at /notebooks/fan_task_test.ipynb
[I 16:33:27.164 NotebookApp] Starting buffering for f3011b3d-9da4-492a-a19b-b281a206d355:8bb37821e0c44d318d616b847cbf2094
[I 19:47:06.190 NotebookApp] 302 GET / (172.16.24.254) 7.640000ms
[W 19:47:21.262 NotebookApp] Notebook notebooks/fan_task_test.ipynb is not trusted
[I 19:49:22.793 NotebookApp] Saving file at /notebooks/fan_task_test.ipynb
[W 19:49:22.794 NotebookApp] Notebook notebooks/fan_task_test.ipynb is not trusted
[I 19:59:22.735 NotebookApp] Saving file at /notebooks/fan_task_test.ipynb
[W 19:59:22.737 NotebookApp] Notebook notebooks/fan_task_test.ipynb is not trusted
[I 20:15:22.686 NotebookApp] Saving file at /notebooks/fan_task_test.ipynb
[W 20:15:22.688 NotebookApp] Notebook notebooks/fan_task_test.ipynb is not trusted
[I 20:17:22.800 NotebookApp] Saving file at /notebooks/fan_task_test.ipynb
[W 20:17:22.801 NotebookApp] Notebook notebooks/fan_task_test.ipynb is not trusted
[I 20:19:21.818 NotebookApp] Saving file at /notebooks/fan_task_test.ipynb
[W 20:19:21.819 NotebookApp] Notebook notebooks/fan_task_test.ipynb is not trusted
[I 20:21:21.868 NotebookApp] Saving file at /notebooks/fan_task_test.ipynb
[W 20:21:21.870 NotebookApp] Notebook notebooks/fan_task_test.ipynb is not trusted
[I 20:23:22.878 NotebookApp] Saving file at /notebooks/fan_task_test.ipynb
[W 20:23:22.878 NotebookApp] Notebook notebooks/fan_task_test.ipynb is not trusted
[I 20:45:21.943 NotebookApp] Saving file at /notebooks/fan_task_test.ipynb
[W 20:45:21.944 NotebookApp] Notebook notebooks/fan_task_test.ipynb is not trusted
[I 20:47:21.867 NotebookApp] Saving file at /notebooks/fan_task_test.ipynb
[W 20:47:21.869 NotebookApp] Notebook notebooks/fan_task_test.ipynb is not trusted
[I 20:49:21.907 NotebookApp] Saving file at /notebooks/fan_task_test.ipynb
[W 20:49:21.911 NotebookApp] Notebook notebooks/fan_task_test.ipynb is not trusted
[I 20:51:22.009 NotebookApp] Saving file at /notebooks/fan_task_test.ipynb
[W 20:51:22.010 NotebookApp] Notebook notebooks/fan_task_test.ipynb is not trusted
[I 20:59:21.988 NotebookApp] Saving file at /notebooks/fan_task_test.ipynb
[W 20:59:21.989 NotebookApp] Notebook notebooks/fan_task_test.ipynb is not trusted
[I 21:01:21.952 NotebookApp] Saving file at /notebooks/fan_task_test.ipynb
[W 21:01:21.954 NotebookApp] Notebook notebooks/fan_task_test.ipynb is not trusted
[I 21:03:10.274 NotebookApp] Kernel interrupted: f3011b3d-9da4-492a-a19b-b281a206d355
[I 21:03:21.965 NotebookApp] Saving file at /notebooks/fan_task_test.ipynb
[W 21:03:21.966 NotebookApp] Notebook notebooks/fan_task_test.ipynb is not trusted
[I 21:05:21.872 NotebookApp] Saving file at /notebooks/fan_task_test.ipynb
[W 21:05:21.874 NotebookApp] Notebook notebooks/fan_task_test.ipynb is not trusted
[I 21:07:22.016 NotebookApp] Saving file at /notebooks/fan_task_test.ipynb
[W 21:07:22.017 NotebookApp] Notebook notebooks/fan_task_test.ipynb is not trusted
[I 21:09:22.867 NotebookApp] Saving file at /notebooks/fan_task_test.ipynb
[W 21:09:22.869 NotebookApp] Notebook notebooks/fan_task_test.ipynb is not trusted
[I 21:15:22.091 NotebookApp] Saving file at /notebooks/fan_task_test.ipynb
[W 21:15:22.094 NotebookApp] Notebook notebooks/fan_task_test.ipynb is not trusted
[I 21:17:21.872 NotebookApp] Saving file at /notebooks/fan_task_test.ipynb
[W 21:17:21.875 NotebookApp] Notebook notebooks/fan_task_test.ipynb is not trusted
[I 21:19:21.844 NotebookApp] Saving file at /notebooks/fan_task_test.ipynb
[W 21:19:21.846 NotebookApp] Notebook notebooks/fan_task_test.ipynb is not trusted
[I 21:21:22.852 NotebookApp] Saving file at /notebooks/fan_task_test.ipynb
[W 21:21:22.853 NotebookApp] Notebook notebooks/fan_task_test.ipynb is not trusted
[I 22:49:23.193 NotebookApp] Saving file at /notebooks/fan_task_test.ipynb
[W 22:49:23.194 NotebookApp] Notebook notebooks/fan_task_test.ipynb is not trusted
[I 22:53:22.234 NotebookApp] Saving file at /notebooks/fan_task_test.ipynb
[W 22:53:22.236 NotebookApp] Notebook notebooks/fan_task_test.ipynb is not trusted
[I 22:55:22.033 NotebookApp] Saving file at /notebooks/fan_task_test.ipynb
[W 22:55:22.034 NotebookApp] Notebook notebooks/fan_task_test.ipynb is not trusted
[I 22:57:22.076 NotebookApp] Saving file at /notebooks/fan_task_test.ipynb
[W 22:57:22.077 NotebookApp] Notebook notebooks/fan_task_test.ipynb is not trusted
[I 22:59:22.528 NotebookApp] Saving file at /notebooks/fan_task_test.ipynb
[W 22:59:22.531 NotebookApp] Notebook notebooks/fan_task_test.ipynb is not trusted
[I 23:01:22.366 NotebookApp] Saving file at /notebooks/fan_task_test.ipynb
[W 23:01:22.367 NotebookApp] Notebook notebooks/fan_task_test.ipynb is not trusted
[I 23:03:23.271 NotebookApp] Saving file at /notebooks/fan_task_test.ipynb
[W 23:03:23.273 NotebookApp] Notebook notebooks/fan_task_test.ipynb is not trusted
[I 23:05:22.195 NotebookApp] Saving file at /notebooks/fan_task_test.ipynb
[W 23:05:22.196 NotebookApp] Notebook notebooks/fan_task_test.ipynb is not trusted
[I 23:06:47.690 NotebookApp] Saving file at /notebooks/fan_task_test.ipynb
[W 23:06:47.691 NotebookApp] Notebook notebooks/fan_task_test.ipynb is not trusted
[I 23:09:22.448 NotebookApp] Saving file at /notebooks/fan_task_test.ipynb
[W 23:09:22.449 NotebookApp] Notebook notebooks/fan_task_test.ipynb is not trusted
[I 23:11:23.038 NotebookApp] Saving file at /notebooks/fan_task_test.ipynb
[W 23:11:23.039 NotebookApp] Notebook notebooks/fan_task_test.ipynb is not trusted
[I 23:13:22.090 NotebookApp] Saving file at /notebooks/fan_task_test.ipynb
[W 23:13:22.092 NotebookApp] Notebook notebooks/fan_task_test.ipynb is not trusted
[I 23:15:22.511 NotebookApp] Saving file at /notebooks/fan_task_test.ipynb
[W 23:15:22.512 NotebookApp] Notebook notebooks/fan_task_test.ipynb is not trusted
[I 23:17:22.260 NotebookApp] Saving file at /notebooks/fan_task_test.ipynb
[W 23:17:22.261 NotebookApp] Notebook notebooks/fan_task_test.ipynb is not trusted
[I 23:19:22.480 NotebookApp] Saving file at /notebooks/fan_task_test.ipynb
[W 23:19:22.481 NotebookApp] Notebook notebooks/fan_task_test.ipynb is not trusted
[I 23:21:23.325 NotebookApp] Saving file at /notebooks/fan_task_test.ipynb
[W 23:21:23.340 NotebookApp] Notebook notebooks/fan_task_test.ipynb is not trusted
[I 23:27:22.505 NotebookApp] Saving file at /notebooks/fan_task_test.ipynb
[W 23:27:22.506 NotebookApp] Notebook notebooks/fan_task_test.ipynb is not trusted
[I 23:29:22.206 NotebookApp] Saving file at /notebooks/fan_task_test.ipynb
[W 23:29:22.207 NotebookApp] Notebook notebooks/fan_task_test.ipynb is not trusted
[I 23:31:22.313 NotebookApp] Saving file at /notebooks/fan_task_test.ipynb
[W 23:31:22.314 NotebookApp] Notebook notebooks/fan_task_test.ipynb is not trusted
[I 23:33:22.268 NotebookApp] Saving file at /notebooks/fan_task_test.ipynb
[W 23:33:22.269 NotebookApp] Notebook notebooks/fan_task_test.ipynb is not trusted
[I 23:35:22.134 NotebookApp] Saving file at /notebooks/fan_task_test.ipynb
[W 23:35:22.137 NotebookApp] Notebook notebooks/fan_task_test.ipynb is not trusted
[I 23:37:22.350 NotebookApp] Saving file at /notebooks/fan_task_test.ipynb
[W 23:37:22.351 NotebookApp] Notebook notebooks/fan_task_test.ipynb is not trusted
[I 23:39:23.011 NotebookApp] Saving file at /notebooks/fan_task_test.ipynb
[W 23:39:23.012 NotebookApp] Notebook notebooks/fan_task_test.ipynb is not trusted
[I 23:41:22.095 NotebookApp] Saving file at /notebooks/fan_task_test.ipynb
[W 23:41:22.096 NotebookApp] Notebook notebooks/fan_task_test.ipynb is not trusted
[I 23:43:22.292 NotebookApp] Saving file at /notebooks/fan_task_test.ipynb
[W 23:43:22.293 NotebookApp] Notebook notebooks/fan_task_test.ipynb is not trusted
[I 23:45:22.694 NotebookApp] Saving file at /notebooks/fan_task_test.ipynb
[W 23:45:22.695 NotebookApp] Notebook notebooks/fan_task_test.ipynb is not trusted
[I 23:47:22.239 NotebookApp] Saving file at /notebooks/fan_task_test.ipynb
[W 23:47:22.245 NotebookApp] Notebook notebooks/fan_task_test.ipynb is not trusted
[I 23:49:22.619 NotebookApp] Saving file at /notebooks/fan_task_test.ipynb
[W 23:49:22.620 NotebookApp] Notebook notebooks/fan_task_test.ipynb is not trusted
[I 23:51:22.390 NotebookApp] Saving file at /notebooks/fan_task_test.ipynb
[W 23:51:22.391 NotebookApp] Notebook notebooks/fan_task_test.ipynb is not trusted
[I 23:52:33.395 NotebookApp] 302 GET / (172.16.24.254) 0.990000ms
[I 23:53:23.365 NotebookApp] Saving file at /notebooks/fan_task_test.ipynb
[W 23:53:23.366 NotebookApp] Notebook notebooks/fan_task_test.ipynb is not trusted
[I 23:55:23.396 NotebookApp] Saving file at /notebooks/fan_task_test.ipynb
[W 23:55:23.398 NotebookApp] Notebook notebooks/fan_task_test.ipynb is not trusted
[I 23:57:23.178 NotebookApp] Saving file at /notebooks/fan_task_test.ipynb
[W 23:57:23.180 NotebookApp] Notebook notebooks/fan_task_test.ipynb is not trusted
[I 23:59:22.176 NotebookApp] Saving file at /notebooks/fan_task_test.ipynb
[W 23:59:22.177 NotebookApp] Notebook notebooks/fan_task_test.ipynb is not trusted
[I 00:01:23.382 NotebookApp] Saving file at /notebooks/fan_task_test.ipynb
[W 00:01:23.384 NotebookApp] Notebook notebooks/fan_task_test.ipynb is not trusted
[I 00:03:22.971 NotebookApp] Saving file at /notebooks/fan_task_test.ipynb
[W 00:03:22.973 NotebookApp] Notebook notebooks/fan_task_test.ipynb is not trusted
[I 00:05:22.286 NotebookApp] Saving file at /notebooks/fan_task_test.ipynb
[W 00:05:22.287 NotebookApp] Notebook notebooks/fan_task_test.ipynb is not trusted
[I 00:07:23.411 NotebookApp] Saving file at /notebooks/fan_task_test.ipynb
[W 00:07:23.412 NotebookApp] Notebook notebooks/fan_task_test.ipynb is not trusted
[I 00:15:22.255 NotebookApp] Saving file at /notebooks/fan_task_test.ipynb
[W 00:15:22.257 NotebookApp] Notebook notebooks/fan_task_test.ipynb is not trusted
[I 00:17:22.293 NotebookApp] Saving file at /notebooks/fan_task_test.ipynb
[W 00:17:22.294 NotebookApp] Notebook notebooks/fan_task_test.ipynb is not trusted
[I 00:19:23.118 NotebookApp] Saving file at /notebooks/fan_task_test.ipynb
[W 00:19:23.123 NotebookApp] Notebook notebooks/fan_task_test.ipynb is not trusted
[I 00:24:50.652 NotebookApp] Kernel interrupted: f3011b3d-9da4-492a-a19b-b281a206d355
[I 00:25:22.253 NotebookApp] Saving file at /notebooks/fan_task_test.ipynb
[W 00:25:22.254 NotebookApp] Notebook notebooks/fan_task_test.ipynb is not trusted
[I 00:27:22.598 NotebookApp] Saving file at /notebooks/fan_task_test.ipynb
[W 00:27:22.601 NotebookApp] Notebook notebooks/fan_task_test.ipynb is not trusted
[I 00:29:22.176 NotebookApp] Saving file at /notebooks/fan_task_test.ipynb
[W 00:29:22.178 NotebookApp] Notebook notebooks/fan_task_test.ipynb is not trusted
[I 00:31:22.787 NotebookApp] Saving file at /notebooks/fan_task_test.ipynb
[W 00:31:22.788 NotebookApp] Notebook notebooks/fan_task_test.ipynb is not trusted
[I 00:32:18.276 NotebookApp] Saving file at /notebooks/fan_task_test.ipynb
[W 00:32:18.277 NotebookApp] Notebook notebooks/fan_task_test.ipynb is not trusted
[I 00:32:18.549 NotebookApp] Starting buffering for f3011b3d-9da4-492a-a19b-b281a206d355:dbb4eba3524f45d08ac5b284f24c118b
slurmstepd: error: *** JOB 29816509 ON node097 CANCELLED AT 2023-03-16T00:56:19 DUE TO TIME LIMIT ***
