[I 19:48:17.787 NotebookApp] [nb_conda_kernels] enabled, 12 kernels found
[I 19:48:18.081 NotebookApp] Authentication of /metrics is OFF, since other authentication is disabled.
[W 19:48:21.569 NotebookApp] All authentication is disabled.  Anyone who can connect to this server will be able to run code.
[W 2023-03-28 19:48:25.617 LabApp] Config option `kernel_spec_manager_class` not recognized by `LabApp`.
[W 2023-03-28 19:48:25.623 LabApp] 'ip' has moved from NotebookApp to ServerApp. This config will be passed to ServerApp. Be sure to update your config before our next release.
[W 2023-03-28 19:48:25.623 LabApp] 'port' has moved from NotebookApp to ServerApp. This config will be passed to ServerApp. Be sure to update your config before our next release.
[W 2023-03-28 19:48:25.623 LabApp] 'token' has moved from NotebookApp to ServerApp. This config will be passed to ServerApp. Be sure to update your config before our next release.
[W 2023-03-28 19:48:25.623 LabApp] 'password' has moved from NotebookApp to ServerApp. This config will be passed to ServerApp. Be sure to update your config before our next release.
[W 2023-03-28 19:48:25.623 LabApp] 'password' has moved from NotebookApp to ServerApp. This config will be passed to ServerApp. Be sure to update your config before our next release.
[W 2023-03-28 19:48:25.623 LabApp] 'password' has moved from NotebookApp to ServerApp. This config will be passed to ServerApp. Be sure to update your config before our next release.
[W 2023-03-28 19:48:25.624 LabApp] Config option `kernel_spec_manager_class` not recognized by `LabApp`.
[W 2023-03-28 19:48:25.634 LabApp] Config option `kernel_spec_manager_class` not recognized by `LabApp`.
[I 2023-03-28 19:48:25.636 LabApp] JupyterLab extension loaded from /om/user/leokoz8/envs/add_RL/lib/python3.8/site-packages/jupyterlab
[I 2023-03-28 19:48:25.636 LabApp] JupyterLab application directory is /om/user/leokoz8/envs/add_RL/share/jupyter/lab
[I 19:48:25.653 NotebookApp] Serving notebooks from local directory: /rdma/vast-rdma/vast/fiete/leokoz8/code/add_RL
[I 19:48:25.653 NotebookApp] Jupyter Notebook 6.3.0 is running at:
[I 19:48:25.653 NotebookApp] http://node068:9000/
[I 19:48:25.653 NotebookApp] Use Control-C to stop this server and shut down all kernels (twice to skip confirmation).
[I 20:07:53.483 NotebookApp] 302 GET / (172.16.24.254) 0.920000ms
/om/user/leokoz8/envs/add_RL/lib/python3.8/json/encoder.py:257: UserWarning: date_default is deprecated since jupyter_client 7.0.0. Use jupyter_client.jsonutil.json_default.
  return _iterencode(o, 0)
[I 20:08:07.578 NotebookApp] Creating new notebook in /notebooks
Exception in callback <TaskWakeupMethWrapper object at 0x2b05569894f0>(<Future finis...late\r\n\r\n'>)
handle: <Handle <TaskWakeupMethWrapper object at 0x2b05569894f0>(<Future finis...late\r\n\r\n'>)>
Traceback (most recent call last):
  File "/om/user/leokoz8/envs/add_RL/lib/python3.8/asyncio/events.py", line 81, in _run
    self._context.run(self._callback, *self._args)
RuntimeError: Cannot enter into task <Task pending name='Task-13' coro=<HTTP1ServerConnection._server_request_loop() running at /om/user/leokoz8/envs/add_RL/lib/python3.8/site-packages/tornado/http1connection.py:825> wait_for=<Future finished result=b'GET /api/co...flate\r\n\r\n'> cb=[IOLoop.add_future.<locals>.<lambda>() at /om/user/leokoz8/envs/add_RL/lib/python3.8/site-packages/tornado/ioloop.py:687]> while another task <Task pending name='Task-2' coro=<KernelManager._async_start_kernel() running at /om/user/leokoz8/envs/add_RL/lib/python3.8/site-packages/jupyter_client/manager.py:71>> is being executed.
Exception in callback <TaskWakeupMethWrapper object at 0x2b055696fb80>(<Future finis...late\r\n\r\n'>)
handle: <Handle <TaskWakeupMethWrapper object at 0x2b055696fb80>(<Future finis...late\r\n\r\n'>)>
Traceback (most recent call last):
  File "/om/user/leokoz8/envs/add_RL/lib/python3.8/asyncio/events.py", line 81, in _run
    self._context.run(self._callback, *self._args)
RuntimeError: Cannot enter into task <Task pending name='Task-11' coro=<HTTP1ServerConnection._server_request_loop() running at /om/user/leokoz8/envs/add_RL/lib/python3.8/site-packages/tornado/http1connection.py:825> wait_for=<Future finished result=b'GET /static...flate\r\n\r\n'> cb=[IOLoop.add_future.<locals>.<lambda>() at /om/user/leokoz8/envs/add_RL/lib/python3.8/site-packages/tornado/ioloop.py:687]> while another task <Task pending name='Task-1' coro=<MultiKernelManager._async_start_kernel() running at /om/user/leokoz8/envs/add_RL/lib/python3.8/site-packages/jupyter_client/multikernelmanager.py:207>> is being executed.
[I 20:08:14.520 NotebookApp] Kernel started: db2edee8-973e-41ce-ab3d-b4c9f419f61a, name: conda-env-leokoz8-add_RL-py
/om/user/leokoz8/envs/add_RL/lib/python3.8/json/encoder.py:257: UserWarning: date_default is deprecated since jupyter_client 7.0.0. Use jupyter_client.jsonutil.json_default.
  return _iterencode(o, 0)
[I 20:10:11.269 NotebookApp] Saving file at /notebooks/Policy Gradient Cartpole.ipynb
[I 20:12:11.286 NotebookApp] Saving file at /notebooks/Policy Gradient Cartpole.ipynb
[I 20:14:11.287 NotebookApp] Saving file at /notebooks/Policy Gradient Cartpole.ipynb
[I 20:16:11.277 NotebookApp] Saving file at /notebooks/Policy Gradient Cartpole.ipynb
[I 20:17:09.375 NotebookApp] Kernel interrupted: db2edee8-973e-41ce-ab3d-b4c9f419f61a
[I 20:18:03.281 NotebookApp] Kernel interrupted: db2edee8-973e-41ce-ab3d-b4c9f419f61a
[I 20:18:11.464 NotebookApp] Saving file at /notebooks/Policy Gradient Cartpole.ipynb
[I 20:19:06.756 NotebookApp] Kernel interrupted: db2edee8-973e-41ce-ab3d-b4c9f419f61a
[I 20:19:30.665 NotebookApp] Kernel interrupted: db2edee8-973e-41ce-ab3d-b4c9f419f61a
[I 20:20:11.286 NotebookApp] Saving file at /notebooks/Policy Gradient Cartpole.ipynb
[I 20:21:50.324 NotebookApp] Saving file at /notebooks/Policy Gradient Cartpole Working Example.ipynb
[I 20:21:50.670 NotebookApp] Saving file at /notebooks/Policy Gradient Cartpole Working Example.ipynb
[I 20:21:52.537 NotebookApp] Starting buffering for db2edee8-973e-41ce-ab3d-b4c9f419f61a:29c209427c3b4948840f84ae9bc309fb
[I 20:21:56.740 NotebookApp] Copying notebooks/Policy Gradient Cartpole Working Example.ipynb to /notebooks
[W 20:21:56.745 NotebookApp] Notebook notebooks/Policy Gradient Cartpole Working Example.ipynb is not trusted
Exception in callback <TaskWakeupMethWrapper object at 0x2b0557084130>(<Future finis... GMT\r\n\r\n'>)
handle: <Handle <TaskWakeupMethWrapper object at 0x2b0557084130>(<Future finis... GMT\r\n\r\n'>)>
Traceback (most recent call last):
  File "/om/user/leokoz8/envs/add_RL/lib/python3.8/asyncio/events.py", line 81, in _run
    self._context.run(self._callback, *self._args)
RuntimeError: Cannot enter into task <Task pending name='Task-1' coro=<HTTP1ServerConnection._server_request_loop() running at /om/user/leokoz8/envs/add_RL/lib/python3.8/site-packages/tornado/http1connection.py:825> wait_for=<Future finished result=b'GET /static...4 GMT\r\n\r\n'> cb=[IOLoop.add_future.<locals>.<lambda>() at /om/user/leokoz8/envs/add_RL/lib/python3.8/site-packages/tornado/ioloop.py:687]> while another task <Task pending name='Task-948' coro=<PeriodicCallback._run() running at /om/user/leokoz8/envs/add_RL/lib/python3.8/site-packages/tornado/ioloop.py:921> cb=[IOLoop.add_future.<locals>.<lambda>() at /om/user/leokoz8/envs/add_RL/lib/python3.8/site-packages/tornado/ioloop.py:694]> is being executed.
[I 20:22:27.277 NotebookApp] Kernel started: eb2e5b02-7704-4dc8-8d31-cd7d3dd42b94, name: conda-env-leokoz8-add_RL-py
[I 20:22:43.870 NotebookApp] Kernel shutdown: db2edee8-973e-41ce-ab3d-b4c9f419f61a
[I 20:22:58.567 NotebookApp] Kernel interrupted: eb2e5b02-7704-4dc8-8d31-cd7d3dd42b94
[I 20:23:39.482 NotebookApp] Kernel interrupted: eb2e5b02-7704-4dc8-8d31-cd7d3dd42b94
[I 20:24:27.323 NotebookApp] Saving file at /notebooks/Policy Gradient Cartpole Tinker.ipynb
[I 20:26:27.419 NotebookApp] Saving file at /notebooks/Policy Gradient Cartpole Tinker.ipynb
[I 20:28:27.417 NotebookApp] Saving file at /notebooks/Policy Gradient Cartpole Tinker.ipynb
[I 20:38:27.327 NotebookApp] Saving file at /notebooks/Policy Gradient Cartpole Tinker.ipynb
[I 20:43:21.099 NotebookApp] Kernel interrupted: eb2e5b02-7704-4dc8-8d31-cd7d3dd42b94
[I 20:44:27.435 NotebookApp] Saving file at /notebooks/Policy Gradient Cartpole Tinker.ipynb
[I 20:48:27.514 NotebookApp] Saving file at /notebooks/Policy Gradient Cartpole Tinker.ipynb
[I 20:50:27.337 NotebookApp] Saving file at /notebooks/Policy Gradient Cartpole Tinker.ipynb
[I 20:52:27.341 NotebookApp] Saving file at /notebooks/Policy Gradient Cartpole Tinker.ipynb
[I 20:54:27.405 NotebookApp] Saving file at /notebooks/Policy Gradient Cartpole Tinker.ipynb
[I 20:56:27.340 NotebookApp] Saving file at /notebooks/Policy Gradient Cartpole Tinker.ipynb
[I 20:57:08.386 NotebookApp] Saving file at /notebooks/Policy Gradient Cartpole Tinker.ipynb
[I 20:57:24.381 NotebookApp] Saving file at /notebooks/Policy Gradient Cartpole Tinker.ipynb
[I 20:58:27.353 NotebookApp] Saving file at /notebooks/Policy Gradient Cartpole Tinker.ipynb
[I 20:59:01.626 NotebookApp] Saving file at /notebooks/Policy Gradient Cartpole Tinker.ipynb
[I 21:00:27.338 NotebookApp] Saving file at /notebooks/Policy Gradient Cartpole Tinker.ipynb
[I 21:00:49.260 NotebookApp] Saving file at /notebooks/Policy Gradient Cartpole Tinker.ipynb
[I 21:02:27.337 NotebookApp] Saving file at /notebooks/Policy Gradient Cartpole Tinker.ipynb
[I 21:04:27.426 NotebookApp] Saving file at /notebooks/Policy Gradient Cartpole Tinker.ipynb
[I 21:06:27.548 NotebookApp] Saving file at /notebooks/Policy Gradient Cartpole Tinker.ipynb
[I 21:08:27.367 NotebookApp] Saving file at /notebooks/Policy Gradient Cartpole Tinker.ipynb
[I 21:10:27.342 NotebookApp] Saving file at /notebooks/Policy Gradient Cartpole Tinker.ipynb
[I 21:11:43.660 NotebookApp] Saving file at /notebooks/Policy Gradient Cartpole Tinker.ipynb
[I 21:13:44.601 NotebookApp] Saving file at /notebooks/Policy Gradient Cartpole Tinker.ipynb
[I 21:14:27.342 NotebookApp] Saving file at /notebooks/Policy Gradient Cartpole Tinker.ipynb
[I 21:15:02.223 NotebookApp] Saving file at /notebooks/Policy Gradient Cartpole Tinker.ipynb
[I 21:16:27.348 NotebookApp] Saving file at /notebooks/Policy Gradient Cartpole Tinker.ipynb
[I 21:17:45.005 NotebookApp] Kernel interrupted: eb2e5b02-7704-4dc8-8d31-cd7d3dd42b94
[I 21:18:27.363 NotebookApp] Saving file at /notebooks/Policy Gradient Cartpole Tinker.ipynb
[I 21:19:11.036 NotebookApp] Kernel interrupted: eb2e5b02-7704-4dc8-8d31-cd7d3dd42b94
[I 21:20:27.362 NotebookApp] Saving file at /notebooks/Policy Gradient Cartpole Tinker.ipynb
[I 21:21:46.014 NotebookApp] Saving file at /notebooks/Policy Gradient Cartpole Tinker.ipynb
[I 21:22:27.340 NotebookApp] Saving file at /notebooks/Policy Gradient Cartpole Tinker.ipynb
[I 21:24:27.570 NotebookApp] Saving file at /notebooks/Policy Gradient Cartpole Tinker.ipynb
[I 21:36:20.196 NotebookApp] Saving file at /notebooks/Policy Gradient Cartpole Tinker.ipynb
[I 21:36:22.043 NotebookApp] Saving file at /notebooks/Policy Gradient Cartpole Tinker.ipynb
[I 21:36:22.928 NotebookApp] Starting buffering for eb2e5b02-7704-4dc8-8d31-cd7d3dd42b94:aa9a73d50237413894a9e09983d4a673
slurmstepd: error: *** JOB 30064473 ON node068 CANCELLED AT 2023-03-29T07:48:08 DUE TO TIME LIMIT ***
